[0.132s] Invoking command in '/home/mocaplab/ros2_ws/build/crazyflie': CMAKE_PREFIX_PATH=/home/mocaplab/ros2_ws/install/motion_capture_tracking_interfaces:/home/mocaplab/ros2_ws/install/crazyflie_interfaces:/home/mocaplab/ros2_ws/install/motion_capture_tracking:/home/mocaplab/ros2_ws/install/crazyflie:/home/mocaplab/ros2_ws/install/crazyflie_sim:/home/mocaplab/ros2_ws/install/crazyflie_examples:/home/mocaplab/ros2_ws/install/crazyflie_py:/opt/ros/humble /usr/bin/cmake --build /home/mocaplab/ros2_ws/build/crazyflie -- -j16 -l16
[0.162s] [ 25%] Built target crazyflieLinkCpp
[0.163s] [ 30%] Built target teleop
[0.175s] [ 33%] [32mBuilding CXX object deps/crazyflie_tools/crazyflie_cpp/CMakeFiles/crazyflie_cpp.dir/src/Crazyflie.cpp.o[0m
[0.560s] [01m[K/home/mocaplab/ros2_ws/src/crazyswarm2/crazyflie/deps/crazyflie_tools/crazyflie_cpp/src/Crazyflie.cpp:1254:6:[m[K [01;31m[Kerror: [m[Kno declaration matches â€˜[01m[Kvoid CrazyflieBroadcaster::sendHoverSetpoint(float, float, float, float)[m[Kâ€™
[0.560s]  1254 | void [01;31m[KCrazyflieBroadcaster[m[K::sendHoverSetpoint(
[0.560s]       |      [01;31m[K^~~~~~~~~~~~~~~~~~~~[m[K
[0.560s] [01m[K/home/mocaplab/ros2_ws/src/crazyswarm2/crazyflie/deps/crazyflie_tools/crazyflie_cpp/src/Crazyflie.cpp:1254:6:[m[K [01;36m[Knote: [m[Kno functions named â€˜[01m[Kvoid CrazyflieBroadcaster::sendHoverSetpoint(float, float, float, float)[m[Kâ€™
[0.560s] In file included from [01m[K/home/mocaplab/ros2_ws/src/crazyswarm2/crazyflie/deps/crazyflie_tools/crazyflie_cpp/src/Crazyflie.cpp:5[m[K:
[0.560s] [01m[K/home/mocaplab/ros2_ws/src/crazyswarm2/crazyflie/deps/crazyflie_tools/crazyflie_cpp/include/crazyflie_cpp/Crazyflie.h:726:7:[m[K [01;36m[Knote: [m[Kâ€˜[01m[Kclass CrazyflieBroadcaster[m[Kâ€™ defined here
[0.560s]   726 | class [01;36m[KCrazyflieBroadcaster[m[K
[0.560s]       |       [01;36m[K^~~~~~~~~~~~~~~~~~~~[m[K
[0.891s] gmake[2]: *** [deps/crazyflie_tools/crazyflie_cpp/CMakeFiles/crazyflie_cpp.dir/build.make:76: deps/crazyflie_tools/crazyflie_cpp/CMakeFiles/crazyflie_cpp.dir/src/Crazyflie.cpp.o] Error 1
[0.892s] gmake[1]: *** [CMakeFiles/Makefile2:529: deps/crazyflie_tools/crazyflie_cpp/CMakeFiles/crazyflie_cpp.dir/all] Error 2
[0.892s] gmake: *** [Makefile:146: all] Error 2
[0.893s] Invoked command in '/home/mocaplab/ros2_ws/build/crazyflie' returned '2': CMAKE_PREFIX_PATH=/home/mocaplab/ros2_ws/install/motion_capture_tracking_interfaces:/home/mocaplab/ros2_ws/install/crazyflie_interfaces:/home/mocaplab/ros2_ws/install/motion_capture_tracking:/home/mocaplab/ros2_ws/install/crazyflie:/home/mocaplab/ros2_ws/install/crazyflie_sim:/home/mocaplab/ros2_ws/install/crazyflie_examples:/home/mocaplab/ros2_ws/install/crazyflie_py:/opt/ros/humble /usr/bin/cmake --build /home/mocaplab/ros2_ws/build/crazyflie -- -j16 -l16
