[0.131s] Invoking command in '/home/mocaplab/ros2_ws/build/crazyflie': CMAKE_PREFIX_PATH=/home/mocaplab/ros2_ws/install/motion_capture_tracking_interfaces:/home/mocaplab/ros2_ws/install/crazyflie_interfaces:/home/mocaplab/ros2_ws/install/motion_capture_tracking:/home/mocaplab/ros2_ws/install/crazyflie:/home/mocaplab/ros2_ws/install/crazyflie_sim:/home/mocaplab/ros2_ws/install/crazyflie_examples:/home/mocaplab/ros2_ws/install/crazyflie_py:/opt/ros/humble /usr/bin/cmake --build /home/mocaplab/ros2_ws/build/crazyflie -- -j16 -l16
[0.162s] [ 25%] Built target crazyflieLinkCpp
[0.163s] [ 30%] Built target teleop
[0.175s] [ 38%] Built target crazyflie_cpp
[0.187s] [35m[1mConsolidate compiler generated dependencies of target crazyflie_server[0m
[0.200s] [ 44%] Built target setParam
[0.200s] [ 50%] Built target scan
[0.200s] [ 69%] Built target listMemories
[0.200s] [ 69%] Built target reboot
[0.200s] [ 83%] Built target listLogVariables
[0.201s] [ 83%] Built target listParams
[0.201s] [ 94%] Built target log
[0.201s] [ 69%] Built target console
[0.201s] [ 94%] Built target version
[0.201s] [ 94%] Built target battery
[0.204s] [ 97%] [32mBuilding CXX object CMakeFiles/crazyflie_server.dir/src/crazyflie_server.cpp.o[0m
[2.018s] [01m[K/home/mocaplab/ros2_ws/src/crazyswarm2/crazyflie/src/crazyflie_server.cpp:[m[K In constructor â€˜[01m[KCrazyflieROS::CrazyflieROS(const string&, const string&, const string&, rclcpp::Node*, rclcpp::CallbackGroup::SharedPtr, rclcpp::CallbackGroup::SharedPtr, bool)[m[Kâ€™:
[2.019s] [01m[K/home/mocaplab/ros2_ws/src/crazyswarm2/crazyflie/src/crazyflie_server.cpp:148:5:[m[K [01;31m[Kerror: [m[Kâ€˜[01m[Ksubscription_cmd_velocity_world_[m[Kâ€™ was not declared in this scope; did you mean â€˜[01m[Ksubscription_cmd_position_[m[Kâ€™?
[2.019s]   148 |     [01;31m[Ksubscription_cmd_velocity_world_[m[K = node->create_subscription<crazyflie_interfaces::msg::VelocityWorld>(name + "/cmd_velocity_world", rclcpp::SystemDefaultsQoS(), std::bind(&CrazyflieROS::cmd_velocity_world_changed, this, _1), sub_opt_cf_cmd);
[2.019s]       |     [01;31m[K^~~~~~~~~~~~~~~~~~~~~~~~~~~~~~~~[m[K
[2.019s]       |     [32m[Ksubscription_cmd_position_[m[K
[2.242s] [01m[K/home/mocaplab/ros2_ws/src/crazyswarm2/crazyflie/src/crazyflie_server.cpp:[m[K In constructor â€˜[01m[KCrazyflieServer::CrazyflieServer()[m[Kâ€™:
[2.242s] [01m[K/home/mocaplab/ros2_ws/src/crazyswarm2/crazyflie/src/crazyflie_server.cpp:784:5:[m[K [01;31m[Kerror: [m[Kâ€˜[01m[Ksubscription_cmd_velocity_world_[m[Kâ€™ was not declared in this scope
[2.242s]   784 |     [01;31m[Ksubscription_cmd_velocity_world_[m[K = this->create_subscription<crazyflie_interfaces::msg::VelocityWorld>("all/cmd_velocity_world", rclcpp::SystemDefaultsQoS(), std::bind(&CrazyflieServer::cmd_velocity_world_changed, this, _1), sub_opt_all_cmd);
[2.242s]       |     [01;31m[K^~~~~~~~~~~~~~~~~~~~~~~~~~~~~~~~[m[K
[9.425s] gmake[2]: *** [CMakeFiles/crazyflie_server.dir/build.make:76: CMakeFiles/crazyflie_server.dir/src/crazyflie_server.cpp.o] Error 1
[9.425s] gmake[1]: *** [CMakeFiles/Makefile2:233: CMakeFiles/crazyflie_server.dir/all] Error 2
[9.425s] gmake: *** [Makefile:146: all] Error 2
[9.427s] Invoked command in '/home/mocaplab/ros2_ws/build/crazyflie' returned '2': CMAKE_PREFIX_PATH=/home/mocaplab/ros2_ws/install/motion_capture_tracking_interfaces:/home/mocaplab/ros2_ws/install/crazyflie_interfaces:/home/mocaplab/ros2_ws/install/motion_capture_tracking:/home/mocaplab/ros2_ws/install/crazyflie:/home/mocaplab/ros2_ws/install/crazyflie_sim:/home/mocaplab/ros2_ws/install/crazyflie_examples:/home/mocaplab/ros2_ws/install/crazyflie_py:/opt/ros/humble /usr/bin/cmake --build /home/mocaplab/ros2_ws/build/crazyflie -- -j16 -l16
