[0.132s] Invoking command in '/home/mocaplab/ros2_ws/build/crazyflie': CMAKE_PREFIX_PATH=/home/mocaplab/ros2_ws/install/motion_capture_tracking_interfaces:/home/mocaplab/ros2_ws/install/crazyflie_interfaces:/home/mocaplab/ros2_ws/install/motion_capture_tracking:/home/mocaplab/ros2_ws/install/crazyflie:/home/mocaplab/ros2_ws/install/crazyflie_sim:/home/mocaplab/ros2_ws/install/crazyflie_examples:/home/mocaplab/ros2_ws/install/crazyflie_py:/opt/ros/humble /usr/bin/cmake --build /home/mocaplab/ros2_ws/build/crazyflie -- -j16 -l16
[0.163s] [ 25%] Built target crazyflieLinkCpp
[0.164s] [ 30%] Built target teleop
[0.176s] [ 38%] Built target crazyflie_cpp
[0.187s] [35m[1mConsolidate compiler generated dependencies of target crazyflie_server[0m
[0.198s] [ 44%] Built target reboot
[0.198s] [ 50%] Built target log
[0.198s] [ 55%] Built target version
[0.198s] [ 61%] Built target listMemories
[0.199s] [ 66%] Built target scan
[0.199s] [ 72%] Built target battery
[0.199s] [ 77%] Built target listParams
[0.200s] [ 91%] Built target setParam
[0.200s] [ 91%] Built target console
[0.200s] [ 94%] Built target listLogVariables
[0.203s] [ 97%] [32mBuilding CXX object CMakeFiles/crazyflie_server.dir/src/crazyflie_server.cpp.o[0m
[2.257s] [01m[K/home/mocaplab/ros2_ws/src/crazyswarm2/crazyflie/src/crazyflie_server.cpp:[m[K In member function â€˜[01m[Kvoid CrazyflieServer::cmd_hover_changed(crazyflie_interfaces::msg::Hover_<std::allocator<void> >::SharedPtr)[m[Kâ€™:
[2.257s] [01m[K/home/mocaplab/ros2_ws/src/crazyswarm2/crazyflie/src/crazyflie_server.cpp:1014:15:[m[K [01;31m[Kerror: [m[Kâ€˜[01m[Kclass CrazyflieBroadcaster[m[Kâ€™ has no member named â€˜[01m[KsendHoverSetpoint[m[Kâ€™
[2.257s]  1014 |         cfbc->[01;31m[KsendHoverSetpoint[m[K(
[2.257s]       |               [01;31m[K^~~~~~~~~~~~~~~~~[m[K
[8.989s] gmake[2]: *** [CMakeFiles/crazyflie_server.dir/build.make:76: CMakeFiles/crazyflie_server.dir/src/crazyflie_server.cpp.o] Error 1
[8.989s] gmake[1]: *** [CMakeFiles/Makefile2:233: CMakeFiles/crazyflie_server.dir/all] Error 2
[8.989s] gmake: *** [Makefile:146: all] Error 2
[8.991s] Invoked command in '/home/mocaplab/ros2_ws/build/crazyflie' returned '2': CMAKE_PREFIX_PATH=/home/mocaplab/ros2_ws/install/motion_capture_tracking_interfaces:/home/mocaplab/ros2_ws/install/crazyflie_interfaces:/home/mocaplab/ros2_ws/install/motion_capture_tracking:/home/mocaplab/ros2_ws/install/crazyflie:/home/mocaplab/ros2_ws/install/crazyflie_sim:/home/mocaplab/ros2_ws/install/crazyflie_examples:/home/mocaplab/ros2_ws/install/crazyflie_py:/opt/ros/humble /usr/bin/cmake --build /home/mocaplab/ros2_ws/build/crazyflie -- -j16 -l16
