[01m[K/home/mocaplab/ros2_ws/src/crazyswarm2/crazyflie/src/crazyflie_server.cpp:[m[K In constructor â€˜[01m[KCrazyflieROS::CrazyflieROS(const string&, const string&, const string&, rclcpp::Node*, rclcpp::CallbackGroup::SharedPtr, rclcpp::CallbackGroup::SharedPtr, bool)[m[Kâ€™:
[01m[K/home/mocaplab/ros2_ws/src/crazyswarm2/crazyflie/src/crazyflie_server.cpp:149:5:[m[K [01;31m[Kerror: [m[Kâ€˜[01m[Ksubscription_velocity_world_[m[Kâ€™ was not declared in this scope
  149 |     [01;31m[Ksubscription_velocity_world_[m[K = node->create_subscription<crazyflie_interfaces::msg::VelocityWorld>(name + "/cmd_velocity_world", rclcpp::SystemDefaultsQoS(), std::bind(&CrazyflieROS::cmd_velocity_world_changed, this, _1), sub_opt_cf_cmd);
      |     [01;31m[K^~~~~~~~~~~~~~~~~~~~~~~~~~~~[m[K
[01m[K/home/mocaplab/ros2_ws/src/crazyswarm2/crazyflie/src/crazyflie_server.cpp:[m[K In constructor â€˜[01m[KCrazyflieServer::CrazyflieServer()[m[Kâ€™:
[01m[K/home/mocaplab/ros2_ws/src/crazyswarm2/crazyflie/src/crazyflie_server.cpp:785:5:[m[K [01;31m[Kerror: [m[Kâ€˜[01m[Ksubscription_cmd_velocity_world_[m[Kâ€™ was not declared in this scope
  785 |     [01;31m[Ksubscription_cmd_velocity_world_[m[K = this->create_subscription<crazyflie_interfaces::msg::VelocityWorld>("all/cmd_velocity_world", rclcpp::SystemDefaultsQoS(), std::bind(&CrazyflieServer::cmd_velocity_world_changed, this, _1), sub_opt_all_cmd);
      |     [01;31m[K^~~~~~~~~~~~~~~~~~~~~~~~~~~~~~~~[m[K
[01m[K/home/mocaplab/ros2_ws/src/crazyswarm2/crazyflie/src/crazyflie_server.cpp:[m[K In member function â€˜[01m[Kvoid CrazyflieServer::cmd_velocity_world_changed(crazyflie_interfaces::msg::VelocityWorld_<std::allocator<void> >::SharedPtr)[m[Kâ€™:
[01m[K/home/mocaplab/ros2_ws/src/crazyswarm2/crazyflie/src/crazyflie_server.cpp:1048:20:[m[K [01;31m[Kerror: [m[Kâ€˜[01m[Kyaw_rate[m[Kâ€™ was not declared in this scope; did you mean â€˜[01m[KyawRate[m[Kâ€™?
 1048 |           x, y, z, [01;31m[Kyaw_rate[m[K);
      |                    [01;31m[K^~~~~~~~[m[K
      |                    [32m[KyawRate[m[K
gmake[2]: *** [CMakeFiles/crazyflie_server.dir/build.make:76: CMakeFiles/crazyflie_server.dir/src/crazyflie_server.cpp.o] Error 1
gmake[1]: *** [CMakeFiles/Makefile2:233: CMakeFiles/crazyflie_server.dir/all] Error 2
gmake: *** [Makefile:146: all] Error 2
